Using pre-set license
Built from '2020.3/staging' branch; Version is '2020.3.13f1 (71691879b7f5) revision 7432472'; Using compiler version '192528614'; Build Type 'Release'
OS: 'Windows 10 Home Single Language; OS build 19043.1110; Version 2009; 64bit' Language: 'ru' Physical Memory: 6301 MB
BatchMode: 1, IsHumanControllingUs: 0, StartBugReporterOnCrash: 0, Is64bit: 1, IsPro: 0

 COMMAND LINE ARGUMENTS:
C:\Program Files\Unity\Hub\Editor\2020.3.13f1\Editor\Unity.exe
-adb2
-batchMode
-noUpm
-name
AssetImportWorker0
-projectPath
D:/UnityProjects/OnBook
-logFile
Logs/AssetImportWorker0.log
-srvPort
50046
Successfully changed project path to: D:/UnityProjects/OnBook
D:/UnityProjects/OnBook
Using Asset Import Pipeline V2.
Refreshing native plugins compatible for Editor in 81.98 ms, found 2 plugins.
Preloading 0 native plugins for Editor in 0.00 ms.
Initialize engine version: 2020.3.13f1 (71691879b7f5)
[Subsystems] Discovering subsystems at path C:/Program Files/Unity/Hub/Editor/2020.3.13f1/Editor/Data/Resources/UnitySubsystems
[Subsystems] Discovering subsystems at path D:/UnityProjects/OnBook/Assets
GfxDevice: creating device client; threaded=0
Direct3D:
    Version:  Direct3D 11.0 [level 11.1]
    Renderer: NVIDIA GeForce GTX 1050 (ID=0x1c8d)
    Vendor:   
    VRAM:     1977 MB
    Driver:   30.0.14.7141
Initialize mono
Mono path[0] = 'C:/Program Files/Unity/Hub/Editor/2020.3.13f1/Editor/Data/Managed'
Mono path[1] = 'C:/Program Files/Unity/Hub/Editor/2020.3.13f1/Editor/Data/MonoBleedingEdge/lib/mono/unityjit'
Mono config path = 'C:/Program Files/Unity/Hub/Editor/2020.3.13f1/Editor/Data/MonoBleedingEdge/etc'
Using monoOptions --debugger-agent=transport=dt_socket,embedding=1,server=y,suspend=n,address=127.0.0.1:56056
Begin MonoManager ReloadAssembly
Registering precompiled unity dll's ...
Register platform support module: C:/Program Files/Unity/Hub/Editor/2020.3.13f1/Editor/Data/PlaybackEngines/WindowsStandaloneSupport/UnityEditor.WindowsStandalone.Extensions.dll
Registered in 0.004372 seconds.
Native extension for WindowsStandalone target not found
Refreshing native plugins compatible for Editor in 70.05 ms, found 2 plugins.
Preloading 0 native plugins for Editor in 0.00 ms.
Mono: successfully reloaded assembly
- Completed reload, in  4.870 seconds
Platform modules already initialized, skipping
Registering precompiled user dll's ...
Registered in 0.052964 seconds.
Begin MonoManager ReloadAssembly
Native extension for WindowsStandalone target not found
Refreshing native plugins compatible for Editor in 0.50 ms, found 2 plugins.
Preloading 0 native plugins for Editor in 0.00 ms.
Mono: successfully reloaded assembly
- Completed reload, in  8.980 seconds
Platform modules already initialized, skipping
========================================================================
Worker process is ready to serve import requests
Launched and connected shader compiler UnityShaderCompiler.exe after 0.28 seconds
Refreshing native plugins compatible for Editor in 1.64 ms, found 2 plugins.
Preloading 0 native plugins for Editor in 0.00 ms.
Unloading 1398 Unused Serialized files (Serialized files now loaded: 0)
System memory in use before: 65.0 MB.
System memory in use after: 65.0 MB.

Unloading 18 unused Assets to reduce memory usage. Loaded Objects now: 1832.
Total: 15.971500 ms (FindLiveObjects: 1.405600 ms CreateObjectMapping: 0.435900 ms MarkObjects: 14.018500 ms  DeleteObjects: 0.108100 ms)

AssetImportParameters requested are different than current active one (requested -> active):
  custom:framework-win-MediaFoundation: 216162199b28c13a410421893ffa2e32 -> 
  custom:video-decoder-ogg-theora: a1e56fd34408186e4bbccfd4996cb3dc -> 
  custom:container-muxer-webm: aa71ff27fc2769a1b78a27578f13a17b -> 
  custom:container-demuxer-webm: 4f35f7cbe854078d1ac9338744f61a02 -> 
  custom:container-demuxer-ogg: 62fdf1f143b41e24485cea50d1cbac27 -> 
  custom:video-encoder-webm-vp8: eb34c28f22e8b96e1ab97ce403110664 -> 
  custom:video-decoder-webm-vp8: 9c59270c3fd7afecdb556c50c9e8de78 -> 
  custom:audio-decoder-ogg-vorbis: bf7c407c2cedff20999df2af8eb42d56 -> 
  custom:audio-encoder-webm-vorbis: bf7c407c2cedff20999df2af8eb42d56 -> 
========================================================================
Received Import Request.
  path: Assets/Fireball.prefab
  artifactKey: Guid(c8afbdd1da5b27f4d8200ac69da6f24c) Importer(815301076,1909f56bfc062723c751e8b465ee728b)
Start importing Assets/Fireball.prefab using Guid(c8afbdd1da5b27f4d8200ac69da6f24c) Importer(815301076,1909f56bfc062723c751e8b465ee728b)  -> (artifact id: '0696c78c0fa014bc1cca1b73c35bc19d') in 0.627128 seconds 
  Import took 0.658319 seconds .

========================================================================
Received Import Request.
  Time since last request: 0.000404 seconds.
  path: Assets/Enemy.prefab
  artifactKey: Guid(b5e609cbec5394b489c56ce1538b83de) Importer(815301076,1909f56bfc062723c751e8b465ee728b)
Start importing Assets/Enemy.prefab using Guid(b5e609cbec5394b489c56ce1538b83de) Importer(815301076,1909f56bfc062723c751e8b465ee728b)  -> (artifact id: '9913919597a73491e38ad065a3cccede') in 0.123493 seconds 
  Import took 0.127209 seconds .

========================================================================
Received Import Request.
  Time since last request: 0.000346 seconds.
  path: Assets/New Material 2.mat
  artifactKey: Guid(677c9e8e19e256b4b98b13d9374f1201) Importer(815301076,1909f56bfc062723c751e8b465ee728b)
Start importing Assets/New Material 2.mat using Guid(677c9e8e19e256b4b98b13d9374f1201) Importer(815301076,1909f56bfc062723c751e8b465ee728b)  -> (artifact id: '264d776a3566d01bad0f9fbd7401374d') in 0.800027 seconds 
  Import took 0.809981 seconds .

========================================================================
Received Import Request.
  Time since last request: 0.000367 seconds.
  path: Assets/New Material 1.mat
  artifactKey: Guid(9403ddaacb779174b8e0f118379b192c) Importer(815301076,1909f56bfc062723c751e8b465ee728b)
Start importing Assets/New Material 1.mat using Guid(9403ddaacb779174b8e0f118379b192c) Importer(815301076,1909f56bfc062723c751e8b465ee728b)  -> (artifact id: '6204e562b3fa84c40e922d32720a3651') in 0.042121 seconds 
  Import took 0.045663 seconds .

========================================================================
Received Import Request.
  Time since last request: 0.000296 seconds.
  path: Assets/New Material 3.mat
  artifactKey: Guid(620a09c3df0ec524c9c4469d31b1b312) Importer(815301076,1909f56bfc062723c751e8b465ee728b)
Start importing Assets/New Material 3.mat using Guid(620a09c3df0ec524c9c4469d31b1b312) Importer(815301076,1909f56bfc062723c751e8b465ee728b)  -> (artifact id: '67901046ac67ffef6109830de9cdc187') in 0.020379 seconds 
  Import took 0.024009 seconds .

========================================================================
Received Import Request.
  Time since last request: 0.001160 seconds.
  path: Assets/New Material.mat
  artifactKey: Guid(be523da6688642443a76431928c66309) Importer(815301076,1909f56bfc062723c751e8b465ee728b)
Start importing Assets/New Material.mat using Guid(be523da6688642443a76431928c66309) Importer(815301076,1909f56bfc062723c751e8b465ee728b)  -> (artifact id: '8fc1f22c29e9ed43f1d1b92ee421e351') in 0.051852 seconds 
  Import took 0.067208 seconds .

AssetImportWorkerClient::OnTransportError - code=2 error=End of file
